<?xml version="1.0" encoding="UTF-8"?>
<testsuite xmlns:xsi="http://www.w3.org/2001/XMLSchema-instance" xsi:noNamespaceSchemaLocation="https://maven.apache.org/surefire/maven-surefire-plugin/xsd/surefire-test-report-3.0.xsd" version="3.0" name="com.raldes.servicediscovery.ProductManagementServiceDiscoveryApplicationTests" time="1.791" tests="1" errors="0" skipped="0" failures="0">
  <properties>
[...]
</properties>
  <testcase name="contextLoads" classname="com.raldes.servicediscovery.ProductManagementServiceDiscoveryApplicationTests" time="0.436">
    <system-out><![CDATA[20:05:41.227 [main] INFO org.springframework.test.context.support.AnnotationConfigContextLoaderUtils -- Could not detect default configuration classes for test class [com.raldes.servicediscovery.ProductManagementServiceDiscoveryApplicationTests]: ProductManagementServiceDiscoveryApplicationTests does not declare any static, non-private, non-final, nested classes annotated with @Configuration.
20:05:41.279 [main] INFO org.springframework.boot.test.context.SpringBootTestContextBootstrapper -- Found @SpringBootConfiguration com.raldes.servicediscovery.ProductManagementServiceDiscoveryApplication for test class com.raldes.servicediscovery.ProductManagementServiceDiscoveryApplicationTests

  .   ____          _            __ _ _
 /\\ / ___'_ __ _ _(_)_ __  __ _ \ \ \ \
( ( )\___ | '_ | '_| | '_ \/ _` | \ \ \ \
 \\/  ___)| |_)| | | | | || (_| |  ) ) ) )
  '  |____| .__|_| |_|_| |_\__, | / / / /
 =========|_|==============|___/=/_/_/_/
 :: Spring Boot ::                (v3.1.1)

2023-07-18T20:05:41.481+07:00  INFO 3529 --- [           main] nagementServiceDiscoveryApplicationTests : Starting ProductManagementServiceDiscoveryApplicationTests using Java 20.0.1 with PID 3529 (started by hf in /Users/hf/Documents/workspace/product-management-microservices/Product-management-service-discovery)
2023-07-18T20:05:41.482+07:00  INFO 3529 --- [           main] nagementServiceDiscoveryApplicationTests : No active profile set, falling back to 1 default profile: "default"
2023-07-18T20:05:41.919+07:00  INFO 3529 --- [           main] trationDelegate$BeanPostProcessorChecker : Bean 'org.springframework.ws.config.annotation.DelegatingWsConfiguration' of type [org.springframework.ws.config.annotation.DelegatingWsConfiguration$$SpringCGLIB$$0] is not eligible for getting processed by all BeanPostProcessors (for example: not eligible for auto-proxying)
2023-07-18T20:05:41.945+07:00  INFO 3529 --- [           main] .w.s.a.s.AnnotationActionEndpointMapping : Supporting [WS-Addressing August 2004, WS-Addressing 1.0]
2023-07-18T20:05:42.355+07:00  INFO 3529 --- [           main] o.s.b.a.e.web.EndpointLinksResolver      : Exposing 1 endpoint(s) beneath base path '/actuator'
2023-07-18T20:05:42.409+07:00  INFO 3529 --- [           main] nagementServiceDiscoveryApplicationTests : Started ProductManagementServiceDiscoveryApplicationTests in 1.066 seconds (process running for 1.547)
]]></system-out>
  </testcase>
</testsuite>